<?xml version="1.0" encoding="UTF-8"?>
<!-- Generated by org.testng.reporters.JUnitReportReporter -->
<testsuite hostname="DESKTOP-IBIHJOJ" failures="0" tests="1" name="com.locator_practice.WindowHandel" time="18.070" errors="0" timestamp="7 Sep 2023 17:55:46 GMT">
  <testcase classname="com.locator_practice.WindowHandel" name="OpenMethod2" time="18.070"/>
</testsuite> <!-- com.locator_practice.WindowHandel -->
