<?xml version="1.0" encoding="UTF-8"?>
<!-- Generated by org.testng.reporters.JUnitReportReporter -->
<testsuite hostname="DESKTOP-IBIHJOJ" failures="0" tests="2" name="com.locator_practice.LocatorsDemo" time="1.034" errors="0" timestamp="7 Sep 2023 17:23:53 GMT">
  <testcase classname="com.locator_practice.LocatorsDemo" name="OpenMethod1" time="0.008"/>
  <testcase classname="com.locator_practice.LocatorsDemo" name="OpenMethod2" time="1.026"/>
</testsuite> <!-- com.locator_practice.LocatorsDemo -->
