<?xml version="1.0" encoding="UTF-8"?>
<!-- Generated by org.testng.reporters.JUnitReportReporter -->
<testsuite hostname="DESKTOP-IBIHJOJ" failures="0" tests="1" name="com.locator_practice.DropdownWindowExample" time="1.591" errors="0" timestamp="9 Sep 2023 20:24:31 GMT">
  <testcase classname="com.locator_practice.DropdownWindowExample" name="selectdropdown" time="1.591"/>
</testsuite> <!-- com.locator_practice.DropdownWindowExample -->
